[2017-05-16 17:28:42] local.ERROR: PDOException: SQLSTATE[23000]: Integrity constraint violation: 1048 Column 'Item_Name' cannot be null in C:\Users\AASHITIRTH\Desktop\Lara53-master (4)\Lara53-master\vendor\laravel\framework\src\Illuminate\Database\Connection.php:505
Stack trace:
#0 C:\Users\AASHITIRTH\Desktop\Lara53-master (4)\Lara53-master\vendor\laravel\framework\src\Illuminate\Database\Connection.php(505): PDOStatement->execute()
#1 C:\Users\AASHITIRTH\Desktop\Lara53-master (4)\Lara53-master\vendor\laravel\framework\src\Illuminate\Database\Connection.php(763): Illuminate\Database\Connection->Illuminate\Database\{closure}(Object(Illuminate\Database\MySqlConnection), 'update items se...', Array)
#2 C:\Users\AASHITIRTH\Desktop\Lara53-master (4)\Lara53-master\vendor\laravel\framework\src\Illuminate\Database\Connection.php(726): Illuminate\Database\Connection->runQueryCallback('update items se...', Array, Object(Closure))
#3 C:\Users\AASHITIRTH\Desktop\Lara53-master (4)\Lara53-master\vendor\laravel\framework\src\Illuminate\Database\Connection.php(508): Illuminate\Database\Connection->run('update items se...', Array, Object(Closure))
#4 C:\Users\AASHITIRTH\Desktop\Lara53-master (4)\Lara53-master\vendor\laravel\framework\src\Illuminate\Database\Connection.php(447): Illuminate\Database\Connection->affectingStatement('update items se...', Array)
#5 C:\Users\AASHITIRTH\Desktop\Lara53-master (4)\Lara53-master\vendor\laravel\framework\src\Illuminate\Database\DatabaseManager.php(317): Illuminate\Database\Connection->update('update items se...', Array)
#6 C:\Users\AASHITIRTH\Desktop\Lara53-master (4)\Lara53-master\vendor\laravel\framework\src\Illuminate\Support\Facades\Facade.php(237): Illuminate\Database\DatabaseManager->__call('update', Array)
#7 C:\Users\AASHITIRTH\Desktop\Lara53-master (4)\Lara53-master\app\Http\Controllers\ItemsController.php(70): Illuminate\Support\Facades\Facade::__callStatic('update', Array)
#8 [internal function]: App\Http\Controllers\ItemsController->edit(Object(Illuminate\Http\Request), '2')
#9 C:\Users\AASHITIRTH\Desktop\Lara53-master (4)\Lara53-master\vendor\laravel\framework\src\Illuminate\Routing\Controller.php(55): call_user_func_array(Array, Array)
#10 C:\Users\AASHITIRTH\Desktop\Lara53-master (4)\Lara53-master\vendor\laravel\framework\src\Illuminate\Routing\ControllerDispatcher.php(44): Illuminate\Routing\Controller->callAction('edit', Array)
#11 C:\Users\AASHITIRTH\Desktop\Lara53-master (4)\Lara53-master\vendor\laravel\framework\src\Illuminate\Routing\Route.php(189): Illuminate\Routing\ControllerDispatcher->dispatch(Object(Illuminate\Routing\Route), Object(App\Http\Controllers\ItemsController), 'edit')
#12 C:\Users\AASHITIRTH\Desktop\Lara53-master (4)\Lara53-master\vendor\laravel\framework\src\Illuminate\Routing\Route.php(144): Illuminate\Routing\Route->runController()
#13 C:\Users\AASHITIRTH\Desktop\Lara53-master (4)\Lara53-master\vendor\laravel\framework\src\Illuminate\Routing\Router.php(653): Illuminate\Routing\Route->run(Object(Illuminate\Http\Request))
#14 C:\Users\AASHITIRTH\Desktop\Lara53-master (4)\Lara53-master\vendor\laravel\framework\src\Illuminate\Routing\Pipeline.php(53): Illuminate\Routing\Router->Illuminate\Routing\{closure}(Object(Illuminate\Http\Request))
#15 C:\Users\AASHITIRTH\Desktop\Lara53-master (4)\Lara53-master\app\Http\Middleware\AuthCheckMiddleWare.php(19): Illuminate\Routing\Pipeline->Illuminate\Routing\{closure}(Object(Illuminate\Http\Request))
#16 C:\Users\AASHITIRTH\Desktop\Lara53-master (4)\Lara53-master\vendor\laravel\framework\src\Illuminate\Pipeline\Pipeline.php(137): App\Http\Middleware\AuthCheckMiddleWare->handle(Object(Illuminate\Http\Request), Object(Closure))
#17 C:\Users\AASHITIRTH\Desktop\Lara53-master (4)\Lara53-master\vendor\laravel\framework\src\Illuminate\Routing\Pipeline.php(33): Illuminate\Pipeline\Pipeline->Illuminate\Pipeline\{closure}(Object(Illuminate\Http\Request))
#18 C:\Users\AASHITIRTH\Desktop\Lara53-master (4)\Lara53-master\vendor\laravel\framework\src\Illuminate\Routing\Middleware\SubstituteBindings.php(41): Illuminate\Routing\Pipeline->Illuminate\Routing\{closure}(Object(Illuminate\Http\Request))
#19 C:\Users\AASHITIRTH\Desktop\Lara53-master (4)\Lara53-master\vendor\laravel\framework\src\Illuminate\Pipeline\Pipeline.php(137): Illuminate\Routing\Middleware\SubstituteBindings->handle(Object(Illuminate\Http\Request), Object(Closure))
#20 C:\Users\AASHITIRTH\Desktop\Lara53-master (4)\Lara53-master\vendor\laravel\framework\src\Illuminate\Routing\Pipeline.php(33): Illuminate\Pipeline\Pipeline->Illuminate\Pipeline\{closure}(Object(Illuminate\Http\Request))
#21 C:\Users\AASHITIRTH\Desktop\Lara53-master (4)\Lara53-master\vendor\laravel\framework\src\Illuminate\Foundation\Http\Middleware\VerifyCsrfToken.php(65): Illuminate\Routing\Pipeline->Illuminate\Routing\{closure}(Object(Illuminate\Http\Request))
#22 C:\Users\AASHITIRTH\Desktop\Lara53-master (4)\Lara53-master\vendor\laravel\framework\src\Illuminate\Pipeline\Pipeline.php(137): Illuminate\Foundation\Http\Middleware\VerifyCsrfToken->handle(Object(Illuminate\Http\Request), Object(Closure))
#23 C:\Users\AASHITIRTH\Desktop\Lara53-master (4)\Lara53-master\vendor\laravel\framework\src\Illuminate\Routing\Pipeline.php(33): Illuminate\Pipeline\Pipeline->Illuminate\Pipeline\{closure}(Object(Illuminate\Http\Request))
#24 C:\Users\AASHITIRTH\Desktop\Lara53-master (4)\Lara53-master\vendor\laravel\framework\src\Illuminate\View\Middleware\ShareErrorsFromSession.php(49): Illuminate\Routing\Pipeline->Illuminate\Routing\{closure}(Object(Illuminate\Http\Request))
#25 C:\Users\AASHITIRTH\Desktop\Lara53-master (4)\Lara53-master\vendor\laravel\framework\src\Illuminate\Pipeline\Pipeline.php(137): Illuminate\View\Middleware\ShareErrorsFromSession->handle(Object(Illuminate\Http\Request), Object(Closure))
#26 C:\Users\AASHITIRTH\Desktop\Lara53-master (4)\Lara53-master\vendor\laravel\framework\src\Illuminate\Routing\Pipeline.php(33): Illuminate\Pipeline\Pipeline->Illuminate\Pipeline\{closure}(Object(Illuminate\Http\Request))
#27 C:\Users\AASHITIRTH\Desktop\Lara53-master (4)\Lara53-master\vendor\laravel\framework\src\Illuminate\Session\Middleware\StartSession.php(64): Illuminate\Routing\Pipeline->Illuminate\Routing\{closure}(Object(Illuminate\Http\Request))
#28 C:\Users\AASHITIRTH\Desktop\Lara53-master (4)\Lara53-master\vendor\laravel\framework\src\Illuminate\Pipeline\Pipeline.php(137): Illuminate\Session\Middleware\StartSession->handle(Object(Illuminate\Http\Request), Object(Closure))
#29 C:\Users\AASHITIRTH\Desktop\Lara53-master (4)\Lara53-master\vendor\laravel\framework\src\Illuminate\Routing\Pipeline.php(33): Illuminate\Pipeline\Pipeline->Illuminate\Pipeline\{closure}(Object(Illuminate\Http\Request))
#30 C:\Users\AASHITIRTH\Desktop\Lara53-master (4)\Lara53-master\vendor\laravel\framework\src\Illuminate\Cookie\Middleware\AddQueuedCookiesToResponse.php(37): Illuminate\Routing\Pipeline->Illuminate\Routing\{closure}(Object(Illuminate\Http\Request))
#31 C:\Users\AASHITIRTH\Desktop\Lara53-master (4)\Lara53-master\vendor\laravel\framework\src\Illuminate\Pipeline\Pipeline.php(137): Illuminate\Cookie\Middleware\AddQueuedCookiesToResponse->handle(Object(Illuminate\Http\Request), Object(Closure))
#32 C:\Users\AASHITIRTH\Desktop\Lara53-master (4)\Lara53-master\vendor\laravel\framework\src\Illuminate\Routing\Pipeline.php(33): Illuminate\Pipeline\Pipeline->Illuminate\Pipeline\{closure}(Object(Illuminate\Http\Request))
#33 C:\Users\AASHITIRTH\Desktop\Lara53-master (4)\Lara53-master\vendor\laravel\framework\src\Illuminate\Cookie\Middleware\EncryptCookies.php(59): Illuminate\Routing\Pipeline->Illuminate\Routing\{closure}(Object(Illuminate\Http\Request))
#34 C:\Users\AASHITIRTH\Desktop\Lara53-master (4)\Lara53-master\vendor\laravel\framework\src\Illuminate\Pipeline\Pipeline.php(137): Illuminate\Cookie\Middleware\EncryptCookies->handle(Object(Illuminate\Http\Request), Object(Closure))
#35 C:\Users\AASHITIRTH\Desktop\Lara53-master (4)\Lara53-master\vendor\laravel\framework\src\Illuminate\Routing\Pipeline.php(33): Illuminate\Pipeline\Pipeline->Illuminate\Pipeline\{closure}(Object(Illuminate\Http\Request))
#36 C:\Users\AASHITIRTH\Desktop\Lara53-master (4)\Lara53-master\vendor\laravel\framework\src\Illuminate\Pipeline\Pipeline.php(104): Illuminate\Routing\Pipeline->Illuminate\Routing\{closure}(Object(Illuminate\Http\Request))
#37 C:\Users\AASHITIRTH\Desktop\Lara53-master (4)\Lara53-master\vendor\laravel\framework\src\Illuminate\Routing\Router.php(655): Illuminate\Pipeline\Pipeline->then(Object(Closure))
#38 C:\Users\AASHITIRTH\Desktop\Lara53-master (4)\Lara53-master\vendor\laravel\framework\src\Illuminate\Routing\Router.php(629): Illuminate\Routing\Router->runRouteWithinStack(Object(Illuminate\Routing\Route), Object(Illuminate\Http\Request))
#39 C:\Users\AASHITIRTH\Desktop\Lara53-master (4)\Lara53-master\vendor\laravel\framework\src\Illuminate\Routing\Router.php(607): Illuminate\Routing\Router->dispatchToRoute(Object(Illuminate\Http\Request))
#40 C:\Users\AASHITIRTH\Desktop\Lara53-master (4)\Lara53-master\vendor\laravel\framework\src\Illuminate\Foundation\Http\Kernel.php(268): Illuminate\Routing\Router->dispatch(Object(Illuminate\Http\Request))
#41 C:\Users\AASHITIRTH\Desktop\Lara53-master (4)\Lara53-master\vendor\laravel\framework\src\Illuminate\Routing\Pipeline.php(53): Illuminate\Foundation\Http\Kernel->Illuminate\Foundation\Http\{closure}(Object(Illuminate\Http\Request))
#42 C:\Users\AASHITIRTH\Desktop\Lara53-master (4)\Lara53-master\vendor\laravel\framework\src\Illuminate\Foundation\Http\Middleware\CheckForMaintenanceMode.php(46): Illuminate\Routing\Pipeline->Illuminate\Routing\{closure}(Object(Illuminate\Http\Request))
#43 C:\Users\AASHITIRTH\Desktop\Lara53-master (4)\Lara53-master\vendor\laravel\framework\src\Illuminate\Pipeline\Pipeline.php(137): Illuminate\Foundation\Http\Middleware\CheckForMaintenanceMode->handle(Object(Illuminate\Http\Request), Object(Closure))
#44 C:\Users\AASHITIRTH\Desktop\Lara53-master (4)\Lara53-master\vendor\laravel\framework\src\Illuminate\Routing\Pipeline.php(33): Illuminate\Pipeline\Pipeline->Illuminate\Pipeline\{closure}(Object(Illuminate\Http\Request))
#45 C:\Users\AASHITIRTH\Desktop\Lara53-master (4)\Lara53-master\vendor\laravel\framework\src\Illuminate\Pipeline\Pipeline.php(104): Illuminate\Routing\Pipeline->Illuminate\Routing\{closure}(Object(Illuminate\Http\Request))
#46 C:\Users\AASHITIRTH\Desktop\Lara53-master (4)\Lara53-master\vendor\laravel\framework\src\Illuminate\Foundation\Http\Kernel.php(150): Illuminate\Pipeline\Pipeline->then(Object(Closure))
#47 C:\Users\AASHITIRTH\Desktop\Lara53-master (4)\Lara53-master\vendor\laravel\framework\src\Illuminate\Foundation\Http\Kernel.php(117): Illuminate\Foundation\Http\Kernel->sendRequestThroughRouter(Object(Illuminate\Http\Request))
#48 C:\Users\AASHITIRTH\Desktop\Lara53-master (4)\Lara53-master\public\index.php(53): Illuminate\Foundation\Http\Kernel->handle(Object(Illuminate\Http\Request))
#49 C:\Users\AASHITIRTH\Desktop\Lara53-master (4)\Lara53-master\server.php(21): require_once('C:\\Users\\AASHIT...')
#50 {main}

Next Illuminate\Database\QueryException: SQLSTATE[23000]: Integrity constraint violation: 1048 Column 'Item_Name' cannot be null (SQL: update items set Item_Name = , Item_Price = ,Item_Ingredients = ,Item_Description = ,Availability = , Category =   where Item_ID = 2) in C:\Users\AASHITIRTH\Desktop\Lara53-master (4)\Lara53-master\vendor\laravel\framework\src\Illuminate\Database\Connection.php:770
Stack trace:
#0 C:\Users\AASHITIRTH\Desktop\Lara53-master (4)\Lara53-master\vendor\laravel\framework\src\Illuminate\Database\Connection.php(726): Illuminate\Database\Connection->runQueryCallback('update items se...', Array, Object(Closure))
#1 C:\Users\AASHITIRTH\Desktop\Lara53-master (4)\Lara53-master\vendor\laravel\framework\src\Illuminate\Database\Connection.php(508): Illuminate\Database\Connection->run('update items se...', Array, Object(Closure))
#2 C:\Users\AASHITIRTH\Desktop\Lara53-master (4)\Lara53-master\vendor\laravel\framework\src\Illuminate\Database\Connection.php(447): Illuminate\Database\Connection->affectingStatement('update items se...', Array)
#3 C:\Users\AASHITIRTH\Desktop\Lara53-master (4)\Lara53-master\vendor\laravel\framework\src\Illuminate\Database\DatabaseManager.php(317): Illuminate\Database\Connection->update('update items se...', Array)
#4 C:\Users\AASHITIRTH\Desktop\Lara53-master (4)\Lara53-master\vendor\laravel\framework\src\Illuminate\Support\Facades\Facade.php(237): Illuminate\Database\DatabaseManager->__call('update', Array)
#5 C:\Users\AASHITIRTH\Desktop\Lara53-master (4)\Lara53-master\app\Http\Controllers\ItemsController.php(70): Illuminate\Support\Facades\Facade::__callStatic('update', Array)
#6 [internal function]: App\Http\Controllers\ItemsController->edit(Object(Illuminate\Http\Request), '2')
#7 C:\Users\AASHITIRTH\Desktop\Lara53-master (4)\Lara53-master\vendor\laravel\framework\src\Illuminate\Routing\Controller.php(55): call_user_func_array(Array, Array)
#8 C:\Users\AASHITIRTH\Desktop\Lara53-master (4)\Lara53-master\vendor\laravel\framework\src\Illuminate\Routing\ControllerDispatcher.php(44): Illuminate\Routing\Controller->callAction('edit', Array)
#9 C:\Users\AASHITIRTH\Desktop\Lara53-master (4)\Lara53-master\vendor\laravel\framework\src\Illuminate\Routing\Route.php(189): Illuminate\Routing\ControllerDispatcher->dispatch(Object(Illuminate\Routing\Route), Object(App\Http\Controllers\ItemsController), 'edit')
#10 C:\Users\AASHITIRTH\Desktop\Lara53-master (4)\Lara53-master\vendor\laravel\framework\src\Illuminate\Routing\Route.php(144): Illuminate\Routing\Route->runController()
#11 C:\Users\AASHITIRTH\Desktop\Lara53-master (4)\Lara53-master\vendor\laravel\framework\src\Illuminate\Routing\Router.php(653): Illuminate\Routing\Route->run(Object(Illuminate\Http\Request))
#12 C:\Users\AASHITIRTH\Desktop\Lara53-master (4)\Lara53-master\vendor\laravel\framework\src\Illuminate\Routing\Pipeline.php(53): Illuminate\Routing\Router->Illuminate\Routing\{closure}(Object(Illuminate\Http\Request))
#13 C:\Users\AASHITIRTH\Desktop\Lara53-master (4)\Lara53-master\app\Http\Middleware\AuthCheckMiddleWare.php(19): Illuminate\Routing\Pipeline->Illuminate\Routing\{closure}(Object(Illuminate\Http\Request))
#14 C:\Users\AASHITIRTH\Desktop\Lara53-master (4)\Lara53-master\vendor\laravel\framework\src\Illuminate\Pipeline\Pipeline.php(137): App\Http\Middleware\AuthCheckMiddleWare->handle(Object(Illuminate\Http\Request), Object(Closure))
#15 C:\Users\AASHITIRTH\Desktop\Lara53-master (4)\Lara53-master\vendor\laravel\framework\src\Illuminate\Routing\Pipeline.php(33): Illuminate\Pipeline\Pipeline->Illuminate\Pipeline\{closure}(Object(Illuminate\Http\Request))
#16 C:\Users\AASHITIRTH\Desktop\Lara53-master (4)\Lara53-master\vendor\laravel\framework\src\Illuminate\Routing\Middleware\SubstituteBindings.php(41): Illuminate\Routing\Pipeline->Illuminate\Routing\{closure}(Object(Illuminate\Http\Request))
#17 C:\Users\AASHITIRTH\Desktop\Lara53-master (4)\Lara53-master\vendor\laravel\framework\src\Illuminate\Pipeline\Pipeline.php(137): Illuminate\Routing\Middleware\SubstituteBindings->handle(Object(Illuminate\Http\Request), Object(Closure))
#18 C:\Users\AASHITIRTH\Desktop\Lara53-master (4)\Lara53-master\vendor\laravel\framework\src\Illuminate\Routing\Pipeline.php(33): Illuminate\Pipeline\Pipeline->Illuminate\Pipeline\{closure}(Object(Illuminate\Http\Request))
#19 C:\Users\AASHITIRTH\Desktop\Lara53-master (4)\Lara53-master\vendor\laravel\framework\src\Illuminate\Foundation\Http\Middleware\VerifyCsrfToken.php(65): Illuminate\Routing\Pipeline->Illuminate\Routing\{closure}(Object(Illuminate\Http\Request))
#20 C:\Users\AASHITIRTH\Desktop\Lara53-master (4)\Lara53-master\vendor\laravel\framework\src\Illuminate\Pipeline\Pipeline.php(137): Illuminate\Foundation\Http\Middleware\VerifyCsrfToken->handle(Object(Illuminate\Http\Request), Object(Closure))
#21 C:\Users\AASHITIRTH\Desktop\Lara53-master (4)\Lara53-master\vendor\laravel\framework\src\Illuminate\Routing\Pipeline.php(33): Illuminate\Pipeline\Pipeline->Illuminate\Pipeline\{closure}(Object(Illuminate\Http\Request))
#22 C:\Users\AASHITIRTH\Desktop\Lara53-master (4)\Lara53-master\vendor\laravel\framework\src\Illuminate\View\Middleware\ShareErrorsFromSession.php(49): Illuminate\Routing\Pipeline->Illuminate\Routing\{closure}(Object(Illuminate\Http\Request))
#23 C:\Users\AASHITIRTH\Desktop\Lara53-master (4)\Lara53-master\vendor\laravel\framework\src\Illuminate\Pipeline\Pipeline.php(137): Illuminate\View\Middleware\ShareErrorsFromSession->handle(Object(Illuminate\Http\Request), Object(Closure))
#24 C:\Users\AASHITIRTH\Desktop\Lara53-master (4)\Lara53-master\vendor\laravel\framework\src\Illuminate\Routing\Pipeline.php(33): Illuminate\Pipeline\Pipeline->Illuminate\Pipeline\{closure}(Object(Illuminate\Http\Request))
#25 C:\Users\AASHITIRTH\Desktop\Lara53-master (4)\Lara53-master\vendor\laravel\framework\src\Illuminate\Session\Middleware\StartSession.php(64): Illuminate\Routing\Pipeline->Illuminate\Routing\{closure}(Object(Illuminate\Http\Request))
#26 C:\Users\AASHITIRTH\Desktop\Lara53-master (4)\Lara53-master\vendor\laravel\framework\src\Illuminate\Pipeline\Pipeline.php(137): Illuminate\Session\Middleware\StartSession->handle(Object(Illuminate\Http\Request), Object(Closure))
#27 C:\Users\AASHITIRTH\Desktop\Lara53-master (4)\Lara53-master\vendor\laravel\framework\src\Illuminate\Routing\Pipeline.php(33): Illuminate\Pipeline\Pipeline->Illuminate\Pipeline\{closure}(Object(Illuminate\Http\Request))
#28 C:\Users\AASHITIRTH\Desktop\Lara53-master (4)\Lara53-master\vendor\laravel\framework\src\Illuminate\Cookie\Middleware\AddQueuedCookiesToResponse.php(37): Illuminate\Routing\Pipeline->Illuminate\Routing\{closure}(Object(Illuminate\Http\Request))
#29 C:\Users\AASHITIRTH\Desktop\Lara53-master (4)\Lara53-master\vendor\laravel\framework\src\Illuminate\Pipeline\Pipeline.php(137): Illuminate\Cookie\Middleware\AddQueuedCookiesToResponse->handle(Object(Illuminate\Http\Request), Object(Closure))
#30 C:\Users\AASHITIRTH\Desktop\Lara53-master (4)\Lara53-master\vendor\laravel\framework\src\Illuminate\Routing\Pipeline.php(33): Illuminate\Pipeline\Pipeline->Illuminate\Pipeline\{closure}(Object(Illuminate\Http\Request))
#31 C:\Users\AASHITIRTH\Desktop\Lara53-master (4)\Lara53-master\vendor\laravel\framework\src\Illuminate\Cookie\Middleware\EncryptCookies.php(59): Illuminate\Routing\Pipeline->Illuminate\Routing\{closure}(Object(Illuminate\Http\Request))
#32 C:\Users\AASHITIRTH\Desktop\Lara53-master (4)\Lara53-master\vendor\laravel\framework\src\Illuminate\Pipeline\Pipeline.php(137): Illuminate\Cookie\Middleware\EncryptCookies->handle(Object(Illuminate\Http\Request), Object(Closure))
#33 C:\Users\AASHITIRTH\Desktop\Lara53-master (4)\Lara53-master\vendor\laravel\framework\src\Illuminate\Routing\Pipeline.php(33): Illuminate\Pipeline\Pipeline->Illuminate\Pipeline\{closure}(Object(Illuminate\Http\Request))
#34 C:\Users\AASHITIRTH\Desktop\Lara53-master (4)\Lara53-master\vendor\laravel\framework\src\Illuminate\Pipeline\Pipeline.php(104): Illuminate\Routing\Pipeline->Illuminate\Routing\{closure}(Object(Illuminate\Http\Request))
#35 C:\Users\AASHITIRTH\Desktop\Lara53-master (4)\Lara53-master\vendor\laravel\framework\src\Illuminate\Routing\Router.php(655): Illuminate\Pipeline\Pipeline->then(Object(Closure))
#36 C:\Users\AASHITIRTH\Desktop\Lara53-master (4)\Lara53-master\vendor\laravel\framework\src\Illuminate\Routing\Router.php(629): Illuminate\Routing\Router->runRouteWithinStack(Object(Illuminate\Routing\Route), Object(Illuminate\Http\Request))
#37 C:\Users\AASHITIRTH\Desktop\Lara53-master (4)\Lara53-master\vendor\laravel\framework\src\Illuminate\Routing\Router.php(607): Illuminate\Routing\Router->dispatchToRoute(Object(Illuminate\Http\Request))
#38 C:\Users\AASHITIRTH\Desktop\Lara53-master (4)\Lara53-master\vendor\laravel\framework\src\Illuminate\Foundation\Http\Kernel.php(268): Illuminate\Routing\Router->dispatch(Object(Illuminate\Http\Request))
#39 C:\Users\AASHITIRTH\Desktop\Lara53-master (4)\Lara53-master\vendor\laravel\framework\src\Illuminate\Routing\Pipeline.php(53): Illuminate\Foundation\Http\Kernel->Illuminate\Foundation\Http\{closure}(Object(Illuminate\Http\Request))
#40 C:\Users\AASHITIRTH\Desktop\Lara53-master (4)\Lara53-master\vendor\laravel\framework\src\Illuminate\Foundation\Http\Middleware\CheckForMaintenanceMode.php(46): Illuminate\Routing\Pipeline->Illuminate\Routing\{closure}(Object(Illuminate\Http\Request))
#41 C:\Users\AASHITIRTH\Desktop\Lara53-master (4)\Lara53-master\vendor\laravel\framework\src\Illuminate\Pipeline\Pipeline.php(137): Illuminate\Foundation\Http\Middleware\CheckForMaintenanceMode->handle(Object(Illuminate\Http\Request), Object(Closure))
#42 C:\Users\AASHITIRTH\Desktop\Lara53-master (4)\Lara53-master\vendor\laravel\framework\src\Illuminate\Routing\Pipeline.php(33): Illuminate\Pipeline\Pipeline->Illuminate\Pipeline\{closure}(Object(Illuminate\Http\Request))
#43 C:\Users\AASHITIRTH\Desktop\Lara53-master (4)\Lara53-master\vendor\laravel\framework\src\Illuminate\Pipeline\Pipeline.php(104): Illuminate\Routing\Pipeline->Illuminate\Routing\{closure}(Object(Illuminate\Http\Request))
#44 C:\Users\AASHITIRTH\Desktop\Lara53-master (4)\Lara53-master\vendor\laravel\framework\src\Illuminate\Foundation\Http\Kernel.php(150): Illuminate\Pipeline\Pipeline->then(Object(Closure))
#45 C:\Users\AASHITIRTH\Desktop\Lara53-master (4)\Lara53-master\vendor\laravel\framework\src\Illuminate\Foundation\Http\Kernel.php(117): Illuminate\Foundation\Http\Kernel->sendRequestThroughRouter(Object(Illuminate\Http\Request))
#46 C:\Users\AASHITIRTH\Desktop\Lara53-master (4)\Lara53-master\public\index.php(53): Illuminate\Foundation\Http\Kernel->handle(Object(Illuminate\Http\Request))
#47 C:\Users\AASHITIRTH\Desktop\Lara53-master (4)\Lara53-master\server.php(21): require_once('C:\\Users\\AASHIT...')
#48 {main}  
[2017-05-16 17:28:47] local.ERROR: PDOException: SQLSTATE[23000]: Integrity constraint violation: 1048 Column 'Item_Name' cannot be null in C:\Users\AASHITIRTH\Desktop\Lara53-master (4)\Lara53-master\vendor\laravel\framework\src\Illuminate\Database\Connection.php:505
Stack trace:
#0 C:\Users\AASHITIRTH\Desktop\Lara53-master (4)\Lara53-master\vendor\laravel\framework\src\Illuminate\Database\Connection.php(505): PDOStatement->execute()
#1 C:\Users\AASHITIRTH\Desktop\Lara53-master (4)\Lara53-master\vendor\laravel\framework\src\Illuminate\Database\Connection.php(763): Illuminate\Database\Connection->Illuminate\Database\{closure}(Object(Illuminate\Database\MySqlConnection), 'update items se...', Array)
#2 C:\Users\AASHITIRTH\Desktop\Lara53-master (4)\Lara53-master\vendor\laravel\framework\src\Illuminate\Database\Connection.php(726): Illuminate\Database\Connection->runQueryCallback('update items se...', Array, Object(Closure))
#3 C:\Users\AASHITIRTH\Desktop\Lara53-master (4)\Lara53-master\vendor\laravel\framework\src\Illuminate\Database\Connection.php(508): Illuminate\Database\Connection->run('update items se...', Array, Object(Closure))
#4 C:\Users\AASHITIRTH\Desktop\Lara53-master (4)\Lara53-master\vendor\laravel\framework\src\Illuminate\Database\Connection.php(447): Illuminate\Database\Connection->affectingStatement('update items se...', Array)
#5 C:\Users\AASHITIRTH\Desktop\Lara53-master (4)\Lara53-master\vendor\laravel\framework\src\Illuminate\Database\DatabaseManager.php(317): Illuminate\Database\Connection->update('update items se...', Array)
#6 C:\Users\AASHITIRTH\Desktop\Lara53-master (4)\Lara53-master\vendor\laravel\framework\src\Illuminate\Support\Facades\Facade.php(237): Illuminate\Database\DatabaseManager->__call('update', Array)
#7 C:\Users\AASHITIRTH\Desktop\Lara53-master (4)\Lara53-master\app\Http\Controllers\ItemsController.php(70): Illuminate\Support\Facades\Facade::__callStatic('update', Array)
#8 [internal function]: App\Http\Controllers\ItemsController->edit(Object(Illuminate\Http\Request), '5')
#9 C:\Users\AASHITIRTH\Desktop\Lara53-master (4)\Lara53-master\vendor\laravel\framework\src\Illuminate\Routing\Controller.php(55): call_user_func_array(Array, Array)
#10 C:\Users\AASHITIRTH\Desktop\Lara53-master (4)\Lara53-master\vendor\laravel\framework\src\Illuminate\Routing\ControllerDispatcher.php(44): Illuminate\Routing\Controller->callAction('edit', Array)
#11 C:\Users\AASHITIRTH\Desktop\Lara53-master (4)\Lara53-master\vendor\laravel\framework\src\Illuminate\Routing\Route.php(189): Illuminate\Routing\ControllerDispatcher->dispatch(Object(Illuminate\Routing\Route), Object(App\Http\Controllers\ItemsController), 'edit')
#12 C:\Users\AASHITIRTH\Desktop\Lara53-master (4)\Lara53-master\vendor\laravel\framework\src\Illuminate\Routing\Route.php(144): Illuminate\Routing\Route->runController()
#13 C:\Users\AASHITIRTH\Desktop\Lara53-master (4)\Lara53-master\vendor\laravel\framework\src\Illuminate\Routing\Router.php(653): Illuminate\Routing\Route->run(Object(Illuminate\Http\Request))
#14 C:\Users\AASHITIRTH\Desktop\Lara53-master (4)\Lara53-master\vendor\laravel\framework\src\Illuminate\Routing\Pipeline.php(53): Illuminate\Routing\Router->Illuminate\Routing\{closure}(Object(Illuminate\Http\Request))
#15 C:\Users\AASHITIRTH\Desktop\Lara53-master (4)\Lara53-master\app\Http\Middleware\AuthCheckMiddleWare.php(19): Illuminate\Routing\Pipeline->Illuminate\Routing\{closure}(Object(Illuminate\Http\Request))
#16 C:\Users\AASHITIRTH\Desktop\Lara53-master (4)\Lara53-master\vendor\laravel\framework\src\Illuminate\Pipeline\Pipeline.php(137): App\Http\Middleware\AuthCheckMiddleWare->handle(Object(Illuminate\Http\Request), Object(Closure))
#17 C:\Users\AASHITIRTH\Desktop\Lara53-master (4)\Lara53-master\vendor\laravel\framework\src\Illuminate\Routing\Pipeline.php(33): Illuminate\Pipeline\Pipeline->Illuminate\Pipeline\{closure}(Object(Illuminate\Http\Request))
#18 C:\Users\AASHITIRTH\Desktop\Lara53-master (4)\Lara53-master\vendor\laravel\framework\src\Illuminate\Routing\Middleware\SubstituteBindings.php(41): Illuminate\Routing\Pipeline->Illuminate\Routing\{closure}(Object(Illuminate\Http\Request))
#19 C:\Users\AASHITIRTH\Desktop\Lara53-master (4)\Lara53-master\vendor\laravel\framework\src\Illuminate\Pipeline\Pipeline.php(137): Illuminate\Routing\Middleware\SubstituteBindings->handle(Object(Illuminate\Http\Request), Object(Closure))
#20 C:\Users\AASHITIRTH\Desktop\Lara53-master (4)\Lara53-master\vendor\laravel\framework\src\Illuminate\Routing\Pipeline.php(33): Illuminate\Pipeline\Pipeline->Illuminate\Pipeline\{closure}(Object(Illuminate\Http\Request))
#21 C:\Users\AASHITIRTH\Desktop\Lara53-master (4)\Lara53-master\vendor\laravel\framework\src\Illuminate\Foundation\Http\Middleware\VerifyCsrfToken.php(65): Illuminate\Routing\Pipeline->Illuminate\Routing\{closure}(Object(Illuminate\Http\Request))
#22 C:\Users\AASHITIRTH\Desktop\Lara53-master (4)\Lara53-master\vendor\laravel\framework\src\Illuminate\Pipeline\Pipeline.php(137): Illuminate\Foundation\Http\Middleware\VerifyCsrfToken->handle(Object(Illuminate\Http\Request), Object(Closure))
#23 C:\Users\AASHITIRTH\Desktop\Lara53-master (4)\Lara53-master\vendor\laravel\framework\src\Illuminate\Routing\Pipeline.php(33): Illuminate\Pipeline\Pipeline->Illuminate\Pipeline\{closure}(Object(Illuminate\Http\Request))
#24 C:\Users\AASHITIRTH\Desktop\Lara53-master (4)\Lara53-master\vendor\laravel\framework\src\Illuminate\View\Middleware\ShareErrorsFromSession.php(49): Illuminate\Routing\Pipeline->Illuminate\Routing\{closure}(Object(Illuminate\Http\Request))
#25 C:\Users\AASHITIRTH\Desktop\Lara53-master (4)\Lara53-master\vendor\laravel\framework\src\Illuminate\Pipeline\Pipeline.php(137): Illuminate\View\Middleware\ShareErrorsFromSession->handle(Object(Illuminate\Http\Request), Object(Closure))
#26 C:\Users\AASHITIRTH\Desktop\Lara53-master (4)\Lara53-master\vendor\laravel\framework\src\Illuminate\Routing\Pipeline.php(33): Illuminate\Pipeline\Pipeline->Illuminate\Pipeline\{closure}(Object(Illuminate\Http\Request))
#27 C:\Users\AASHITIRTH\Desktop\Lara53-master (4)\Lara53-master\vendor\laravel\framework\src\Illuminate\Session\Middleware\StartSession.php(64): Illuminate\Routing\Pipeline->Illuminate\Routing\{closure}(Object(Illuminate\Http\Request))
#28 C:\Users\AASHITIRTH\Desktop\Lara53-master (4)\Lara53-master\vendor\laravel\framework\src\Illuminate\Pipeline\Pipeline.php(137): Illuminate\Session\Middleware\StartSession->handle(Object(Illuminate\Http\Request), Object(Closure))
#29 C:\Users\AASHITIRTH\Desktop\Lara53-master (4)\Lara53-master\vendor\laravel\framework\src\Illuminate\Routing\Pipeline.php(33): Illuminate\Pipeline\Pipeline->Illuminate\Pipeline\{closure}(Object(Illuminate\Http\Request))
#30 C:\Users\AASHITIRTH\Desktop\Lara53-master (4)\Lara53-master\vendor\laravel\framework\src\Illuminate\Cookie\Middleware\AddQueuedCookiesToResponse.php(37): Illuminate\Routing\Pipeline->Illuminate\Routing\{closure}(Object(Illuminate\Http\Request))
#31 C:\Users\AASHITIRTH\Desktop\Lara53-master (4)\Lara53-master\vendor\laravel\framework\src\Illuminate\Pipeline\Pipeline.php(137): Illuminate\Cookie\Middleware\AddQueuedCookiesToResponse->handle(Object(Illuminate\Http\Request), Object(Closure))
#32 C:\Users\AASHITIRTH\Desktop\Lara53-master (4)\Lara53-master\vendor\laravel\framework\src\Illuminate\Routing\Pipeline.php(33): Illuminate\Pipeline\Pipeline->Illuminate\Pipeline\{closure}(Object(Illuminate\Http\Request))
#33 C:\Users\AASHITIRTH\Desktop\Lara53-master (4)\Lara53-master\vendor\laravel\framework\src\Illuminate\Cookie\Middleware\EncryptCookies.php(59): Illuminate\Routing\Pipeline->Illuminate\Routing\{closure}(Object(Illuminate\Http\Request))
#34 C:\Users\AASHITIRTH\Desktop\Lara53-master (4)\Lara53-master\vendor\laravel\framework\src\Illuminate\Pipeline\Pipeline.php(137): Illuminate\Cookie\Middleware\EncryptCookies->handle(Object(Illuminate\Http\Request), Object(Closure))
#35 C:\Users\AASHITIRTH\Desktop\Lara53-master (4)\Lara53-master\vendor\laravel\framework\src\Illuminate\Routing\Pipeline.php(33): Illuminate\Pipeline\Pipeline->Illuminate\Pipeline\{closure}(Object(Illuminate\Http\Request))
#36 C:\Users\AASHITIRTH\Desktop\Lara53-master (4)\Lara53-master\vendor\laravel\framework\src\Illuminate\Pipeline\Pipeline.php(104): Illuminate\Routing\Pipeline->Illuminate\Routing\{closure}(Object(Illuminate\Http\Request))
#37 C:\Users\AASHITIRTH\Desktop\Lara53-master (4)\Lara53-master\vendor\laravel\framework\src\Illuminate\Routing\Router.php(655): Illuminate\Pipeline\Pipeline->then(Object(Closure))
#38 C:\Users\AASHITIRTH\Desktop\Lara53-master (4)\Lara53-master\vendor\laravel\framework\src\Illuminate\Routing\Router.php(629): Illuminate\Routing\Router->runRouteWithinStack(Object(Illuminate\Routing\Route), Object(Illuminate\Http\Request))
#39 C:\Users\AASHITIRTH\Desktop\Lara53-master (4)\Lara53-master\vendor\laravel\framework\src\Illuminate\Routing\Router.php(607): Illuminate\Routing\Router->dispatchToRoute(Object(Illuminate\Http\Request))
#40 C:\Users\AASHITIRTH\Desktop\Lara53-master (4)\Lara53-master\vendor\laravel\framework\src\Illuminate\Foundation\Http\Kernel.php(268): Illuminate\Routing\Router->dispatch(Object(Illuminate\Http\Request))
#41 C:\Users\AASHITIRTH\Desktop\Lara53-master (4)\Lara53-master\vendor\laravel\framework\src\Illuminate\Routing\Pipeline.php(53): Illuminate\Foundation\Http\Kernel->Illuminate\Foundation\Http\{closure}(Object(Illuminate\Http\Request))
#42 C:\Users\AASHITIRTH\Desktop\Lara53-master (4)\Lara53-master\vendor\laravel\framework\src\Illuminate\Foundation\Http\Middleware\CheckForMaintenanceMode.php(46): Illuminate\Routing\Pipeline->Illuminate\Routing\{closure}(Object(Illuminate\Http\Request))
#43 C:\Users\AASHITIRTH\Desktop\Lara53-master (4)\Lara53-master\vendor\laravel\framework\src\Illuminate\Pipeline\Pipeline.php(137): Illuminate\Foundation\Http\Middleware\CheckForMaintenanceMode->handle(Object(Illuminate\Http\Request), Object(Closure))
#44 C:\Users\AASHITIRTH\Desktop\Lara53-master (4)\Lara53-master\vendor\laravel\framework\src\Illuminate\Routing\Pipeline.php(33): Illuminate\Pipeline\Pipeline->Illuminate\Pipeline\{closure}(Object(Illuminate\Http\Request))
#45 C:\Users\AASHITIRTH\Desktop\Lara53-master (4)\Lara53-master\vendor\laravel\framework\src\Illuminate\Pipeline\Pipeline.php(104): Illuminate\Routing\Pipeline->Illuminate\Routing\{closure}(Object(Illuminate\Http\Request))
#46 C:\Users\AASHITIRTH\Desktop\Lara53-master (4)\Lara53-master\vendor\laravel\framework\src\Illuminate\Foundation\Http\Kernel.php(150): Illuminate\Pipeline\Pipeline->then(Object(Closure))
#47 C:\Users\AASHITIRTH\Desktop\Lara53-master (4)\Lara53-master\vendor\laravel\framework\src\Illuminate\Foundation\Http\Kernel.php(117): Illuminate\Foundation\Http\Kernel->sendRequestThroughRouter(Object(Illuminate\Http\Request))
#48 C:\Users\AASHITIRTH\Desktop\Lara53-master (4)\Lara53-master\public\index.php(53): Illuminate\Foundation\Http\Kernel->handle(Object(Illuminate\Http\Request))
#49 C:\Users\AASHITIRTH\Desktop\Lara53-master (4)\Lara53-master\server.php(21): require_once('C:\\Users\\AASHIT...')
#50 {main}

Next Illuminate\Database\QueryException: SQLSTATE[23000]: Integrity constraint violation: 1048 Column 'Item_Name' cannot be null (SQL: update items set Item_Name = , Item_Price = ,Item_Ingredients = ,Item_Description = ,Availability = , Category =   where Item_ID = 5) in C:\Users\AASHITIRTH\Desktop\Lara53-master (4)\Lara53-master\vendor\laravel\framework\src\Illuminate\Database\Connection.php:770
Stack trace:
#0 C:\Users\AASHITIRTH\Desktop\Lara53-master (4)\Lara53-master\vendor\laravel\framework\src\Illuminate\Database\Connection.php(726): Illuminate\Database\Connection->runQueryCallback('update items se...', Array, Object(Closure))
#1 C:\Users\AASHITIRTH\Desktop\Lara53-master (4)\Lara53-master\vendor\laravel\framework\src\Illuminate\Database\Connection.php(508): Illuminate\Database\Connection->run('update items se...', Array, Object(Closure))
#2 C:\Users\AASHITIRTH\Desktop\Lara53-master (4)\Lara53-master\vendor\laravel\framework\src\Illuminate\Database\Connection.php(447): Illuminate\Database\Connection->affectingStatement('update items se...', Array)
#3 C:\Users\AASHITIRTH\Desktop\Lara53-master (4)\Lara53-master\vendor\laravel\framework\src\Illuminate\Database\DatabaseManager.php(317): Illuminate\Database\Connection->update('update items se...', Array)
#4 C:\Users\AASHITIRTH\Desktop\Lara53-master (4)\Lara53-master\vendor\laravel\framework\src\Illuminate\Support\Facades\Facade.php(237): Illuminate\Database\DatabaseManager->__call('update', Array)
#5 C:\Users\AASHITIRTH\Desktop\Lara53-master (4)\Lara53-master\app\Http\Controllers\ItemsController.php(70): Illuminate\Support\Facades\Facade::__callStatic('update', Array)
#6 [internal function]: App\Http\Controllers\ItemsController->edit(Object(Illuminate\Http\Request), '5')
#7 C:\Users\AASHITIRTH\Desktop\Lara53-master (4)\Lara53-master\vendor\laravel\framework\src\Illuminate\Routing\Controller.php(55): call_user_func_array(Array, Array)
#8 C:\Users\AASHITIRTH\Desktop\Lara53-master (4)\Lara53-master\vendor\laravel\framework\src\Illuminate\Routing\ControllerDispatcher.php(44): Illuminate\Routing\Controller->callAction('edit', Array)
#9 C:\Users\AASHITIRTH\Desktop\Lara53-master (4)\Lara53-master\vendor\laravel\framework\src\Illuminate\Routing\Route.php(189): Illuminate\Routing\ControllerDispatcher->dispatch(Object(Illuminate\Routing\Route), Object(App\Http\Controllers\ItemsController), 'edit')
#10 C:\Users\AASHITIRTH\Desktop\Lara53-master (4)\Lara53-master\vendor\laravel\framework\src\Illuminate\Routing\Route.php(144): Illuminate\Routing\Route->runController()
#11 C:\Users\AASHITIRTH\Desktop\Lara53-master (4)\Lara53-master\vendor\laravel\framework\src\Illuminate\Routing\Router.php(653): Illuminate\Routing\Route->run(Object(Illuminate\Http\Request))
#12 C:\Users\AASHITIRTH\Desktop\Lara53-master (4)\Lara53-master\vendor\laravel\framework\src\Illuminate\Routing\Pipeline.php(53): Illuminate\Routing\Router->Illuminate\Routing\{closure}(Object(Illuminate\Http\Request))
#13 C:\Users\AASHITIRTH\Desktop\Lara53-master (4)\Lara53-master\app\Http\Middleware\AuthCheckMiddleWare.php(19): Illuminate\Routing\Pipeline->Illuminate\Routing\{closure}(Object(Illuminate\Http\Request))
#14 C:\Users\AASHITIRTH\Desktop\Lara53-master (4)\Lara53-master\vendor\laravel\framework\src\Illuminate\Pipeline\Pipeline.php(137): App\Http\Middleware\AuthCheckMiddleWare->handle(Object(Illuminate\Http\Request), Object(Closure))
#15 C:\Users\AASHITIRTH\Desktop\Lara53-master (4)\Lara53-master\vendor\laravel\framework\src\Illuminate\Routing\Pipeline.php(33): Illuminate\Pipeline\Pipeline->Illuminate\Pipeline\{closure}(Object(Illuminate\Http\Request))
#16 C:\Users\AASHITIRTH\Desktop\Lara53-master (4)\Lara53-master\vendor\laravel\framework\src\Illuminate\Routing\Middleware\SubstituteBindings.php(41): Illuminate\Routing\Pipeline->Illuminate\Routing\{closure}(Object(Illuminate\Http\Request))
#17 C:\Users\AASHITIRTH\Desktop\Lara53-master (4)\Lara53-master\vendor\laravel\framework\src\Illuminate\Pipeline\Pipeline.php(137): Illuminate\Routing\Middleware\SubstituteBindings->handle(Object(Illuminate\Http\Request), Object(Closure))
#18 C:\Users\AASHITIRTH\Desktop\Lara53-master (4)\Lara53-master\vendor\laravel\framework\src\Illuminate\Routing\Pipeline.php(33): Illuminate\Pipeline\Pipeline->Illuminate\Pipeline\{closure}(Object(Illuminate\Http\Request))
#19 C:\Users\AASHITIRTH\Desktop\Lara53-master (4)\Lara53-master\vendor\laravel\framework\src\Illuminate\Foundation\Http\Middleware\VerifyCsrfToken.php(65): Illuminate\Routing\Pipeline->Illuminate\Routing\{closure}(Object(Illuminate\Http\Request))
#20 C:\Users\AASHITIRTH\Desktop\Lara53-master (4)\Lara53-master\vendor\laravel\framework\src\Illuminate\Pipeline\Pipeline.php(137): Illuminate\Foundation\Http\Middleware\VerifyCsrfToken->handle(Object(Illuminate\Http\Request), Object(Closure))
#21 C:\Users\AASHITIRTH\Desktop\Lara53-master (4)\Lara53-master\vendor\laravel\framework\src\Illuminate\Routing\Pipeline.php(33): Illuminate\Pipeline\Pipeline->Illuminate\Pipeline\{closure}(Object(Illuminate\Http\Request))
#22 C:\Users\AASHITIRTH\Desktop\Lara53-master (4)\Lara53-master\vendor\laravel\framework\src\Illuminate\View\Middleware\ShareErrorsFromSession.php(49): Illuminate\Routing\Pipeline->Illuminate\Routing\{closure}(Object(Illuminate\Http\Request))
#23 C:\Users\AASHITIRTH\Desktop\Lara53-master (4)\Lara53-master\vendor\laravel\framework\src\Illuminate\Pipeline\Pipeline.php(137): Illuminate\View\Middleware\ShareErrorsFromSession->handle(Object(Illuminate\Http\Request), Object(Closure))
#24 C:\Users\AASHITIRTH\Desktop\Lara53-master (4)\Lara53-master\vendor\laravel\framework\src\Illuminate\Routing\Pipeline.php(33): Illuminate\Pipeline\Pipeline->Illuminate\Pipeline\{closure}(Object(Illuminate\Http\Request))
#25 C:\Users\AASHITIRTH\Desktop\Lara53-master (4)\Lara53-master\vendor\laravel\framework\src\Illuminate\Session\Middleware\StartSession.php(64): Illuminate\Routing\Pipeline->Illuminate\Routing\{closure}(Object(Illuminate\Http\Request))
#26 C:\Users\AASHITIRTH\Desktop\Lara53-master (4)\Lara53-master\vendor\laravel\framework\src\Illuminate\Pipeline\Pipeline.php(137): Illuminate\Session\Middleware\StartSession->handle(Object(Illuminate\Http\Request), Object(Closure))
#27 C:\Users\AASHITIRTH\Desktop\Lara53-master (4)\Lara53-master\vendor\laravel\framework\src\Illuminate\Routing\Pipeline.php(33): Illuminate\Pipeline\Pipeline->Illuminate\Pipeline\{closure}(Object(Illuminate\Http\Request))
#28 C:\Users\AASHITIRTH\Desktop\Lara53-master (4)\Lara53-master\vendor\laravel\framework\src\Illuminate\Cookie\Middleware\AddQueuedCookiesToResponse.php(37): Illuminate\Routing\Pipeline->Illuminate\Routing\{closure}(Object(Illuminate\Http\Request))
#29 C:\Users\AASHITIRTH\Desktop\Lara53-master (4)\Lara53-master\vendor\laravel\framework\src\Illuminate\Pipeline\Pipeline.php(137): Illuminate\Cookie\Middleware\AddQueuedCookiesToResponse->handle(Object(Illuminate\Http\Request), Object(Closure))
#30 C:\Users\AASHITIRTH\Desktop\Lara53-master (4)\Lara53-master\vendor\laravel\framework\src\Illuminate\Routing\Pipeline.php(33): Illuminate\Pipeline\Pipeline->Illuminate\Pipeline\{closure}(Object(Illuminate\Http\Request))
#31 C:\Users\AASHITIRTH\Desktop\Lara53-master (4)\Lara53-master\vendor\laravel\framework\src\Illuminate\Cookie\Middleware\EncryptCookies.php(59): Illuminate\Routing\Pipeline->Illuminate\Routing\{closure}(Object(Illuminate\Http\Request))
#32 C:\Users\AASHITIRTH\Desktop\Lara53-master (4)\Lara53-master\vendor\laravel\framework\src\Illuminate\Pipeline\Pipeline.php(137): Illuminate\Cookie\Middleware\EncryptCookies->handle(Object(Illuminate\Http\Request), Object(Closure))
#33 C:\Users\AASHITIRTH\Desktop\Lara53-master (4)\Lara53-master\vendor\laravel\framework\src\Illuminate\Routing\Pipeline.php(33): Illuminate\Pipeline\Pipeline->Illuminate\Pipeline\{closure}(Object(Illuminate\Http\Request))
#34 C:\Users\AASHITIRTH\Desktop\Lara53-master (4)\Lara53-master\vendor\laravel\framework\src\Illuminate\Pipeline\Pipeline.php(104): Illuminate\Routing\Pipeline->Illuminate\Routing\{closure}(Object(Illuminate\Http\Request))
#35 C:\Users\AASHITIRTH\Desktop\Lara53-master (4)\Lara53-master\vendor\laravel\framework\src\Illuminate\Routing\Router.php(655): Illuminate\Pipeline\Pipeline->then(Object(Closure))
#36 C:\Users\AASHITIRTH\Desktop\Lara53-master (4)\Lara53-master\vendor\laravel\framework\src\Illuminate\Routing\Router.php(629): Illuminate\Routing\Router->runRouteWithinStack(Object(Illuminate\Routing\Route), Object(Illuminate\Http\Request))
#37 C:\Users\AASHITIRTH\Desktop\Lara53-master (4)\Lara53-master\vendor\laravel\framework\src\Illuminate\Routing\Router.php(607): Illuminate\Routing\Router->dispatchToRoute(Object(Illuminate\Http\Request))
#38 C:\Users\AASHITIRTH\Desktop\Lara53-master (4)\Lara53-master\vendor\laravel\framework\src\Illuminate\Foundation\Http\Kernel.php(268): Illuminate\Routing\Router->dispatch(Object(Illuminate\Http\Request))
#39 C:\Users\AASHITIRTH\Desktop\Lara53-master (4)\Lara53-master\vendor\laravel\framework\src\Illuminate\Routing\Pipeline.php(53): Illuminate\Foundation\Http\Kernel->Illuminate\Foundation\Http\{closure}(Object(Illuminate\Http\Request))
#40 C:\Users\AASHITIRTH\Desktop\Lara53-master (4)\Lara53-master\vendor\laravel\framework\src\Illuminate\Foundation\Http\Middleware\CheckForMaintenanceMode.php(46): Illuminate\Routing\Pipeline->Illuminate\Routing\{closure}(Object(Illuminate\Http\Request))
#41 C:\Users\AASHITIRTH\Desktop\Lara53-master (4)\Lara53-master\vendor\laravel\framework\src\Illuminate\Pipeline\Pipeline.php(137): Illuminate\Foundation\Http\Middleware\CheckForMaintenanceMode->handle(Object(Illuminate\Http\Request), Object(Closure))
#42 C:\Users\AASHITIRTH\Desktop\Lara53-master (4)\Lara53-master\vendor\laravel\framework\src\Illuminate\Routing\Pipeline.php(33): Illuminate\Pipeline\Pipeline->Illuminate\Pipeline\{closure}(Object(Illuminate\Http\Request))
#43 C:\Users\AASHITIRTH\Desktop\Lara53-master (4)\Lara53-master\vendor\laravel\framework\src\Illuminate\Pipeline\Pipeline.php(104): Illuminate\Routing\Pipeline->Illuminate\Routing\{closure}(Object(Illuminate\Http\Request))
#44 C:\Users\AASHITIRTH\Desktop\Lara53-master (4)\Lara53-master\vendor\laravel\framework\src\Illuminate\Foundation\Http\Kernel.php(150): Illuminate\Pipeline\Pipeline->then(Object(Closure))
#45 C:\Users\AASHITIRTH\Desktop\Lara53-master (4)\Lara53-master\vendor\laravel\framework\src\Illuminate\Foundation\Http\Kernel.php(117): Illuminate\Foundation\Http\Kernel->sendRequestThroughRouter(Object(Illuminate\Http\Request))
#46 C:\Users\AASHITIRTH\Desktop\Lara53-master (4)\Lara53-master\public\index.php(53): Illuminate\Foundation\Http\Kernel->handle(Object(Illuminate\Http\Request))
#47 C:\Users\AASHITIRTH\Desktop\Lara53-master (4)\Lara53-master\server.php(21): require_once('C:\\Users\\AASHIT...')
#48 {main}  
